<?xml version="1.0" encoding="UTF-8"?>
<coverage generated="1600223942315" clover="3.2.0">
  <project timestamp="1600223942315" name="All files">
    <metrics statements="20" coveredstatements="16" conditionals="2" coveredconditionals="2" methods="10" coveredmethods="8" elements="32" coveredelements="26" complexity="0" loc="20" ncloc="20" packages="2" files="3" classes="3"/>
    <package name="dao">
      <metrics statements="4" coveredstatements="0" conditionals="0" coveredconditionals="0" methods="2" coveredmethods="0"/>
      <file name="repositorio.dao.js" path="/home/aron/Documents/pessoal/dev/dev-hiring-challenge/src/dao/repositorio.dao.js">
        <metrics statements="4" coveredstatements="0" conditionals="0" coveredconditionals="0" methods="2" coveredmethods="0"/>
        <line num="3" count="0" type="stmt"/>
        <line num="4" count="0" type="stmt"/>
        <line num="8" count="0" type="stmt"/>
        <line num="9" count="0" type="stmt"/>
      </file>
    </package>
    <package name="service">
      <metrics statements="16" coveredstatements="16" conditionals="2" coveredconditionals="2" methods="8" coveredmethods="8"/>
      <file name="github.service.js" path="/home/aron/Documents/pessoal/dev/dev-hiring-challenge/src/service/github.service.js">
        <metrics statements="9" coveredstatements="9" conditionals="2" coveredconditionals="2" methods="2" coveredmethods="2"/>
        <line num="5" count="2" type="cond" truecount="2" falsecount="0"/>
        <line num="6" count="1" type="stmt"/>
        <line num="9" count="1" type="stmt"/>
        <line num="10" count="1" type="stmt"/>
        <line num="11" count="1" type="stmt"/>
        <line num="12" count="1" type="stmt"/>
        <line num="13" count="1" type="stmt"/>
        <line num="15" count="1" type="stmt"/>
        <line num="19" count="1" type="stmt"/>
      </file>
      <file name="repositorio.service.js" path="/home/aron/Documents/pessoal/dev/dev-hiring-challenge/src/service/repositorio.service.js">
        <metrics statements="7" coveredstatements="7" conditionals="0" coveredconditionals="0" methods="6" coveredmethods="6"/>
        <line num="7" count="2" type="stmt"/>
        <line num="8" count="2" type="stmt"/>
        <line num="10" count="1" type="stmt"/>
        <line num="13" count="1" type="stmt"/>
        <line num="18" count="3" type="stmt"/>
        <line num="20" count="1" type="stmt"/>
        <line num="24" count="1" type="stmt"/>
      </file>
    </package>
  </project>
</coverage>
